<?xml version="1.0" encoding="UTF-8"?>
<testng-results skipped="0" failed="0" ignored="0" total="1" passed="1">
  <reporter-output>
  </reporter-output>
  <suite name="Default suite" duration-ms="14639" started-at="2023-03-07T00:02:21 IST" finished-at="2023-03-07T00:02:36 IST">
    <groups>
    </groups>
    <test name="Default test" duration-ms="14639" started-at="2023-03-07T00:02:21 IST" finished-at="2023-03-07T00:02:36 IST">
      <class name="testScripts.PlaceOrderTest">
        <test-method status="PASS" signature="launch()[pri:0, instance:testScripts.PlaceOrderTest@4e718207]" name="launch" is-config="true" duration-ms="11088" started-at="2023-03-07T00:02:21 IST" finished-at="2023-03-07T00:02:33 IST">
          <reporter-output>
          </reporter-output>
        </test-method> <!-- launch -->
        <test-method status="PASS" signature="addItemTest()[pri:0, instance:testScripts.PlaceOrderTest@4e718207]" name="addItemTest" duration-ms="3388" started-at="2023-03-07T00:02:33 IST" finished-at="2023-03-07T00:02:36 IST">
          <reporter-output>
          </reporter-output>
        </test-method> <!-- addItemTest -->
      </class> <!-- testScripts.PlaceOrderTest -->
    </test> <!-- Default test -->
  </suite> <!-- Default suite -->
</testng-results>
